<?xml version="1.0" encoding="UTF-8"?>
<!-- Generated by org.testng.reporters.JUnitReportReporter -->
<testsuite hostname="ndi-mb-250" failures="0" tests="2" name="contact.ErrorMessageTest" time="6.186" errors="0" timestamp="2022-01-20T22:32:24 IST" skipped="0">
  <testcase classname="contact.ErrorMessageTest" name="test_to_enter_invalid_mail_and_get_error_message" time="6.183"/>
  <system-out/>
  <testcase classname="contact.ErrorMessageTest" name="initImpl" time="0.003"/>
  <system-out/>
</testsuite> <!-- contact.ErrorMessageTest -->
