<?xml version="1.0" encoding="UTF-8"?>
<!-- Generated by org.testng.reporters.JUnitReportReporter -->
<testsuite hostname="ndi-mb-250" failures="0" tests="2" name="contact.SuccessMessageTest" time="9.412" errors="0" timestamp="2022-01-20T22:32:24 IST" skipped="0">
  <testcase classname="contact.SuccessMessageTest" name="test_to_enter_valid_mail_and_get_success_message" time="9.301"/>
  <system-out/>
  <testcase classname="contact.SuccessMessageTest" name="initImpl" time="0.111"/>
  <system-out/>
</testsuite> <!-- contact.SuccessMessageTest -->
